<?xml version="1.0" encoding="utf-8"?>
<report><inputdir>.</inputdir><bestfit><filename>bot3.vxd</filename><fitness_score>0.043530305369256221</fitness_score></bestfit><detail><bot3><currentTime>1.4323945833893958</currentTime><fitness_score>0.043530305369256221</fitness_score><num_voxel>26</num_voxel><num_measured_voxel>26</num_measured_voxel><voxSize>0.01</voxSize><numClosePairs>0</numClosePairs><initialCenterOfMass><x>0.0086893203883495126</x><y>0.0095631067961165044</y><z>0.010485436893203883</z></initialCenterOfMass><currentCenterOfMass><x>-0.0070095051013573731</x><y>0.050164022595940848</y><z>0.012834514583644254</z></currentCenterOfMass><total_distance_of_all_voxels>1.1429307583380022</total_distance_of_all_voxels></bot3><bot2><currentTime>1.4323945833893958</currentTime><fitness_score>0.039933667116038928</fitness_score><num_voxel>24</num_voxel><num_measured_voxel>24</num_measured_voxel><voxSize>0.01</voxSize><numClosePairs>0</numClosePairs><initialCenterOfMass><x>0.0099999999999999985</x><y>0.0082738095238095218</y><z>0.011249999999999998</z></initialCenterOfMass><currentCenterOfMass><x>-0.02933344600238862</x><y>0.0013761436206370652</y><z>0.012804367141902534</z></currentCenterOfMass><total_distance_of_all_voxels>1.0069025825878957</total_distance_of_all_voxels></bot2><bot5><currentTime>1.4323945833893958</currentTime><fitness_score>0.034112014064340723</fitness_score><num_voxel>27</num_voxel><num_measured_voxel>27</num_measured_voxel><voxSize>0.01</voxSize><numClosePairs>0</numClosePairs><initialCenterOfMass><x>0.010000000000000002</x><y>0.010526315789473684</y><z>0.0078947368421052634</z></initialCenterOfMass><currentCenterOfMass><x>-0.024038459090043429</x><y>0.0082873860672137718</y><z>0.014484555028727203</z></currentCenterOfMass><total_distance_of_all_voxels>1.0452773392789743</total_distance_of_all_voxels></bot5><bot4><currentTime>1.4323945833893958</currentTime><fitness_score>0.026046759298786398</fitness_score><num_voxel>27</num_voxel><num_measured_voxel>27</num_measured_voxel><voxSize>0.01</voxSize><numClosePairs>0</numClosePairs><initialCenterOfMass><x>0.011304347826086955</x><y>0.010869565217391306</y><z>0.01043478260869565</z></initialCenterOfMass><currentCenterOfMass><x>0.019842116777282242</x><y>0.03547729106324958</y><z>0.0147007897231733</z></currentCenterOfMass><total_distance_of_all_voxels>0.88549489260856939</total_distance_of_all_voxels></bot4><robot><currentTime>1.4323945833893958</currentTime><fitness_score>0.021151503713200081</fitness_score><num_voxel>27</num_voxel><num_measured_voxel>27</num_measured_voxel><voxSize>0.01</voxSize><numClosePairs>0</numClosePairs><initialCenterOfMass><x>0.029999999999999995</x><y>0.030526315789473683</y><z>0.027894736842105264</z></initialCenterOfMass><currentCenterOfMass><x>0.014694763539486311</x><y>0.045125488581699937</y><z>0.019138487033752014</z></currentCenterOfMass><total_distance_of_all_voxels>0.83500179528797802</total_distance_of_all_voxels></robot><bot1><currentTime>1.4323945833893958</currentTime><fitness_score>0.010243768229431694</fitness_score><num_voxel>16</num_voxel><num_measured_voxel>16</num_measured_voxel><voxSize>0.01</voxSize><numClosePairs>0</numClosePairs><initialCenterOfMass><x>0.00981132075471698</x><y>0.0072641509433962271</y><z>0.011132075471698115</z></initialCenterOfMass><currentCenterOfMass><x>0.010439966713909248</x><y>0.017488611408198532</y><z>0.013175754808929303</z></currentCenterOfMass><total_distance_of_all_voxels>0.35013840973138527</total_distance_of_all_voxels></bot1></detail></report>